<?xml version="1.0" encoding="UTF-8"?>
<testng-results skipped="0" failed="0" ignored="0" total="4" passed="4">
  <reporter-output>
  </reporter-output>
  <suite name="Suite" duration-ms="97099" started-at="2021-03-02T23:19:31Z" finished-at="2021-03-02T23:21:08Z">
    <groups>
      <group name="cucumber">
        <method signature="AbstractTestNGCucumberTests.runScenario(io.cucumber.testng.PickleWrapper, io.cucumber.testng.FeatureWrapper)[pri:0, instance:testrun.TestRunner@2f9f7dcf]" name="runScenario" class="io.cucumber.testng.AbstractTestNGCucumberTests"/>
      </group> <!-- cucumber -->
    </groups>
    <test name="E2E_Discover Test" duration-ms="97099" started-at="2021-03-02T23:19:31Z" finished-at="2021-03-02T23:21:08Z">
      <class name="testrun.TestRunner">
        <test-method status="PASS" signature="setUpClass()[pri:0, instance:testrun.TestRunner@2f9f7dcf]" name="setUpClass" is-config="true" duration-ms="399" started-at="2021-03-02T23:19:31Z" finished-at="2021-03-02T23:19:31Z">
          <reporter-output>
          </reporter-output>
        </test-method> <!-- setUpClass -->
        <test-method status="PASS" signature="runScenario(io.cucumber.testng.PickleWrapper, io.cucumber.testng.FeatureWrapper)[pri:0, instance:testrun.TestRunner@2f9f7dcf]" name="runScenario" duration-ms="24370" started-at="2021-03-02T23:19:31Z" description="Runs Cucumber Scenarios" data-provider="scenarios" finished-at="2021-03-02T23:19:55Z">
          <params>
            <param index="0">
              <value>
                <![CDATA["E2E process of Viewing deals in the discover tab of Trivago site"]]>
              </value>
            </param>
            <param index="1">
              <value>
                <![CDATA["Optional[Discover tab of Trivago site]"]]>
              </value>
            </param>
          </params>
          <reporter-output>
          </reporter-output>
        </test-method> <!-- runScenario -->
        <test-method status="PASS" signature="runScenario(io.cucumber.testng.PickleWrapper, io.cucumber.testng.FeatureWrapper)[pri:0, instance:testrun.TestRunner@2f9f7dcf]" name="runScenario" duration-ms="23635" started-at="2021-03-02T23:19:55Z" description="Runs Cucumber Scenarios" data-provider="scenarios" finished-at="2021-03-02T23:20:19Z">
          <params>
            <param index="0">
              <value>
                <![CDATA["E2E process of Viewing deals in the discover tab of Trivago site"]]>
              </value>
            </param>
            <param index="1">
              <value>
                <![CDATA["Optional[Discover tab of Trivago site]"]]>
              </value>
            </param>
          </params>
          <reporter-output>
          </reporter-output>
        </test-method> <!-- runScenario -->
        <test-method status="PASS" signature="runScenario(io.cucumber.testng.PickleWrapper, io.cucumber.testng.FeatureWrapper)[pri:0, instance:testrun.TestRunner@2f9f7dcf]" name="runScenario" duration-ms="23768" started-at="2021-03-02T23:20:19Z" description="Runs Cucumber Scenarios" data-provider="scenarios" finished-at="2021-03-02T23:20:43Z">
          <params>
            <param index="0">
              <value>
                <![CDATA["E2E process of Viewing deals in the discover tab of Trivago site"]]>
              </value>
            </param>
            <param index="1">
              <value>
                <![CDATA["Optional[Discover tab of Trivago site]"]]>
              </value>
            </param>
          </params>
          <reporter-output>
          </reporter-output>
        </test-method> <!-- runScenario -->
        <test-method status="PASS" signature="runScenario(io.cucumber.testng.PickleWrapper, io.cucumber.testng.FeatureWrapper)[pri:0, instance:testrun.TestRunner@2f9f7dcf]" name="runScenario" duration-ms="24884" started-at="2021-03-02T23:20:43Z" description="Runs Cucumber Scenarios" data-provider="scenarios" finished-at="2021-03-02T23:21:08Z">
          <params>
            <param index="0">
              <value>
                <![CDATA["E2E process of Viewing deals in the discover tab of Trivago site"]]>
              </value>
            </param>
            <param index="1">
              <value>
                <![CDATA["Optional[Discover tab of Trivago site]"]]>
              </value>
            </param>
          </params>
          <reporter-output>
          </reporter-output>
        </test-method> <!-- runScenario -->
        <test-method status="PASS" signature="tearDownClass()[pri:0, instance:testrun.TestRunner@2f9f7dcf]" name="tearDownClass" is-config="true" duration-ms="12" started-at="2021-03-02T23:21:08Z" finished-at="2021-03-02T23:21:08Z">
          <reporter-output>
          </reporter-output>
        </test-method> <!-- tearDownClass -->
      </class> <!-- testrun.TestRunner -->
    </test> <!-- E2E_Discover Test -->
  </suite> <!-- Suite -->
</testng-results>
