<?xml version="1.0" encoding="UTF-8"?>
<testsuite xmlns:xsi="http://www.w3.org/2001/XMLSchema-instance" xsi:noNamespaceSchemaLocation="https://maven.apache.org/surefire/maven-surefire-plugin/xsd/surefire-test-report.xsd" name="testrun.TestRunner" time="56.78" tests="4" errors="0" skipped="0" failures="0">
  <properties>
[...]
</properties>
  <testcase name="runScenario" classname="testrun.TestRunner" time="13.602"/>
  <testcase name="runScenario" classname="testrun.TestRunner" time="13.895"/>
  <testcase name="runScenario" classname="testrun.TestRunner" time="14.511"/>
  <testcase name="runScenario" classname="testrun.TestRunner" time="13.541"/>
</testsuite>