<?xml version="1.0" encoding="UTF-8"?>
<!-- Generated by org.testng.reporters.JUnitXMLReporter -->
<testsuite hostname="PCDEFRAPC0MAB1H" ignored="0" name="E2E_Discover Test" tests="4" failures="0" timestamp="02 Mär 2021 23:21:08 GMT" time="97.099" errors="0">
  <testcase name="runScenario" time="24.37" classname="io.cucumber.testng.AbstractTestNGCucumberTests"/>
  <testcase name="runScenario" time="23.635" classname="io.cucumber.testng.AbstractTestNGCucumberTests"/>
  <testcase name="runScenario" time="23.768" classname="io.cucumber.testng.AbstractTestNGCucumberTests"/>
  <testcase name="runScenario" time="24.884" classname="io.cucumber.testng.AbstractTestNGCucumberTests"/>
</testsuite> <!-- E2E_Discover Test -->
