<?xml version="1.0" encoding="UTF-8"?>
<!-- Generated by org.testng.reporters.JUnitReportReporter -->
<testsuite skipped="0" hostname="PCDEFRAPC0MAB1H" name="testrun.TestRunner" tests="4" failures="0" timestamp="02 Mär 2021 23:21:08 GMT" time="96.657" errors="0">
  <testcase name="runScenario" time="24.884" classname="testrun.TestRunner"/>
  <testcase name="runScenario" time="23.635" classname="testrun.TestRunner"/>
  <testcase name="runScenario" time="24.370" classname="testrun.TestRunner"/>
  <testcase name="runScenario" time="23.768" classname="testrun.TestRunner"/>
</testsuite> <!-- testrun.TestRunner -->
