<?xml version="1.0" encoding="UTF-8"?>
<!-- Generated by org.testng.reporters.JUnitReportReporter -->
<testsuite skipped="0" hostname="PCDEFRAPC0MAB1H" name="testrun.TestRunner" tests="4" failures="0" timestamp="02 Mär 2021 23:22:51 GMT" time="55.550" errors="0">
  <testcase name="runScenario" time="13.602" classname="testrun.TestRunner"/>
  <testcase name="runScenario" time="13.540" classname="testrun.TestRunner"/>
  <testcase name="runScenario" time="14.511" classname="testrun.TestRunner"/>
  <testcase name="runScenario" time="13.897" classname="testrun.TestRunner"/>
</testsuite> <!-- testrun.TestRunner -->
